0 info it worked if it ends with ok
1 verbose cli [ 'node', '/usr/local/bin/npm', 'install', 'express', '-g' ]
2 info using npm@2.7.5
3 info using node@v0.12.0
4 verbose node symlink /usr/local/bin/node
5 silly cache add args [ 'express', null ]
6 verbose cache add spec express
7 silly cache add parsed spec { raw: 'express',
7 silly cache add   scope: null,
7 silly cache add   name: 'express',
7 silly cache add   rawSpec: '',
7 silly cache add   spec: '*',
7 silly cache add   type: 'range' }
8 verbose addNamed express@*
9 silly addNamed semver.valid null
10 silly addNamed semver.validRange *
11 silly addNameRange { name: 'express', range: '*', hasData: false }
12 silly mapToRegistry name express
13 silly mapToRegistry using default registry
14 silly mapToRegistry registry https://registry.npmjs.org/
15 silly mapToRegistry uri https://registry.npmjs.org/express
16 verbose addNameRange registry:https://registry.npmjs.org/express not in flight; fetching
17 verbose request uri https://registry.npmjs.org/express
18 verbose request no auth needed
19 info attempt registry request try #1 at 17:06:56
20 verbose request id e8daa159d3739382
21 verbose etag "1V8W7DURU01VYQ1UUK6QQS94O"
22 http request GET https://registry.npmjs.org/express
23 http 200 https://registry.npmjs.org/express
24 silly get cb [ 200,
24 silly get   { date: 'Tue, 21 Apr 2015 09:06:56 GMT',
24 silly get     server: 'CouchDB/1.5.0 (Erlang OTP/R16B03)',
24 silly get     etag: '"CXGDPGXNDUKFE5PY7VGW567R0"',
24 silly get     'content-type': 'application/json',
24 silly get     'cache-control': 'max-age=60',
24 silly get     'content-length': '492483',
24 silly get     'accept-ranges': 'bytes',
24 silly get     via: '1.1 varnish',
24 silly get     age: '55',
24 silly get     'x-served-by': 'cache-nrt6120-NRT',
24 silly get     'x-cache': 'HIT',
24 silly get     'x-cache-hits': '1',
24 silly get     'x-timer': 'S1429607216.640132,VS0,VE3',
24 silly get     vary: 'Accept',
24 silly get     'keep-alive': 'timeout=10, max=50',
24 silly get     connection: 'Keep-Alive' } ]
25 verbose get saving express to /Users/bobo/.npm/registry.npmjs.org/express/.cache.json
26 silly addNameRange number 2 { name: 'express', range: '*', hasData: true }
27 silly addNameRange versions [ 'express',
27 silly addNameRange   [ '0.14.0',
27 silly addNameRange     '0.14.1',
27 silly addNameRange     '1.0.0',
27 silly addNameRange     '1.0.1',
27 silly addNameRange     '1.0.2',
27 silly addNameRange     '1.0.3',
27 silly addNameRange     '1.0.4',
27 silly addNameRange     '1.0.5',
27 silly addNameRange     '1.0.6',
27 silly addNameRange     '1.0.7',
27 silly addNameRange     '1.0.8',
27 silly addNameRange     '2.0.0',
27 silly addNameRange     '2.1.0',
27 silly addNameRange     '2.1.1',
27 silly addNameRange     '2.2.0',
27 silly addNameRange     '2.2.1',
27 silly addNameRange     '2.2.2',
27 silly addNameRange     '2.3.0',
27 silly addNameRange     '2.3.1',
27 silly addNameRange     '2.3.2',
27 silly addNameRange     '2.3.3',
27 silly addNameRange     '2.3.4',
27 silly addNameRange     '2.3.5',
27 silly addNameRange     '2.3.6',
27 silly addNameRange     '2.3.7',
27 silly addNameRange     '2.3.8',
27 silly addNameRange     '2.3.9',
27 silly addNameRange     '2.3.10',
27 silly addNameRange     '2.3.11',
27 silly addNameRange     '2.3.12',
27 silly addNameRange     '2.4.0',
27 silly addNameRange     '2.4.1',
27 silly addNameRange     '2.4.2',
27 silly addNameRange     '2.4.3',
27 silly addNameRange     '2.4.4',
27 silly addNameRange     '2.4.5',
27 silly addNameRange     '2.4.6',
27 silly addNameRange     '2.4.7',
27 silly addNameRange     '2.5.0',
27 silly addNameRange     '2.5.1',
27 silly addNameRange     '2.5.2',
27 silly addNameRange     '2.5.3',
27 silly addNameRange     '2.5.4',
27 silly addNameRange     '2.5.5',
27 silly addNameRange     '2.5.6',
27 silly addNameRange     '2.5.7',
27 silly addNameRange     '2.5.8',
27 silly addNameRange     '2.5.9',
27 silly addNameRange     '2.5.10',
27 silly addNameRange     '2.5.11',
27 silly addNameRange     '3.0.0',
27 silly addNameRange     '3.0.1',
27 silly addNameRange     '3.0.2',
27 silly addNameRange     '3.0.3',
27 silly addNameRange     '3.0.4',
27 silly addNameRange     '3.0.5',
27 silly addNameRange     '3.0.6',
27 silly addNameRange     '3.1.0',
27 silly addNameRange     '3.1.1',
27 silly addNameRange     '3.1.2',
27 silly addNameRange     '3.2.0',
27 silly addNameRange     '3.2.1',
27 silly addNameRange     '3.2.2',
27 silly addNameRange     '3.2.3',
27 silly addNameRange     '3.2.4',
27 silly addNameRange     '3.2.5',
27 silly addNameRange     '3.2.6',
27 silly addNameRange     '3.3.0',
27 silly addNameRange     '3.3.1',
27 silly addNameRange     '3.3.2',
27 silly addNameRange     '3.3.3',
27 silly addNameRange     '3.3.4',
27 silly addNameRange     '3.3.5',
27 silly addNameRange     '3.3.6',
27 silly addNameRange     '1.0.0-beta',
27 silly addNameRange     '1.0.0-beta2',
27 silly addNameRange     '1.0.0-rc',
27 silly addNameRange     '1.0.0-rc2',
27 silly addNameRange     '1.0.0-rc3',
27 silly addNameRange     '1.0.0-rc4',
27 silly addNameRange     '2.0.0-beta',
27 silly addNameRange     '2.0.0-beta2',
27 silly addNameRange     '2.0.0-beta3',
27 silly addNameRange     '2.0.0-rc',
27 silly addNameRange     '2.0.0-rc2',
27 silly addNameRange     '2.0.0-rc3',
27 silly addNameRange     '3.0.0-alpha1',
27 silly addNameRange     '3.0.0-alpha2',
27 silly addNameRange     '3.0.0-alpha3',
27 silly addNameRange     '3.0.0-alpha4',
27 silly addNameRange     '3.0.0-alpha5',
27 silly addNameRange     '3.0.0-beta1',
27 silly addNameRange     '3.0.0-beta2',
27 silly addNameRange     '3.0.0-beta3',
27 silly addNameRange     '3.0.0-beta4',
27 silly addNameRange     '3.0.0-beta6',
27 silly addNameRange     '3.0.0-beta7',
27 silly addNameRange     '3.0.0-rc1',
27 silly addNameRange     '3.0.0-rc2',
27 silly addNameRange     '3.0.0-rc3',
27 silly addNameRange     '3.0.0-rc4',
27 silly addNameRange     '3.0.0-rc5',
27 silly addNameRange     '3.3.7',
27 silly addNameRange     '3.3.8',
27 silly addNameRange     '3.4.0',
27 silly addNameRange     '3.4.1',
27 silly addNameRange     '3.4.2',
27 silly addNameRange     '3.4.3',
27 silly addNameRange     '3.4.4',
27 silly addNameRange     '3.4.5',
27 silly addNameRange     '3.4.6',
27 silly addNameRange     '3.4.7',
27 silly addNameRange     '3.4.8',
27 silly addNameRange     '4.0.0-rc1',
27 silly addNameRange     '4.0.0-rc2',
27 silly addNameRange     '3.5.0',
27 silly addNameRange     '4.0.0-rc3',
27 silly addNameRange     '4.0.0-rc4',
27 silly addNameRange     '3.5.1',
27 silly addNameRange     '4.0.0',
27 silly addNameRange     '3.5.2',
27 silly addNameRange     '4.1.0',
27 silly addNameRange     '4.1.1',
27 silly addNameRange     '3.5.3',
27 silly addNameRange     '4.1.2',
27 silly addNameRange     '3.6.0',
27 silly addNameRange     '4.2.0',
27 silly addNameRange     '3.7.0',
27 silly addNameRange     '3.8.0',
27 silly addNameRange     '4.3.0',
27 silly addNameRange     '4.3.1',
27 silly addNameRange     '3.8.1',
27 silly addNameRange     '4.3.2',
27 silly addNameRange     '3.9.0',
27 silly addNameRange     '4.4.0',
27 silly addNameRange     '4.4.1',
27 silly addNameRange     '3.10.0',
27 silly addNameRange     '3.10.1',
27 silly addNameRange     '3.10.2',
27 silly addNameRange     '3.10.3',
27 silly addNameRange     '3.10.4',
27 silly addNameRange     '4.4.2',
27 silly addNameRange     '3.10.5',
27 silly addNameRange     '4.4.3',
27 silly addNameRange     '3.11.0',
27 silly addNameRange     '4.4.4',
27 silly addNameRange     '3.12.0',
27 silly addNameRange     '3.12.1',
27 silly addNameRange     '4.4.5',
27 silly addNameRange     '3.13.0',
27 silly addNameRange     '4.5.0',
27 silly addNameRange     '4.5.1',
27 silly addNameRange     '3.14.0',
27 silly addNameRange     '4.6.0',
27 silly addNameRange     '4.6.1',
27 silly addNameRange     '3.15.0',
27 silly addNameRange     '4.7.0',
27 silly addNameRange     '3.15.1',
27 silly addNameRange     '4.7.1',
27 silly addNameRange     '3.15.2',
27 silly addNameRange     '4.7.2',
27 silly addNameRange     '4.7.3',
27 silly addNameRange     '3.15.3',
27 silly addNameRange     '4.7.4',
27 silly addNameRange     '3.16.0',
27 silly addNameRange     '4.8.0',
27 silly addNameRange     '3.16.1',
27 silly addNameRange     '4.8.1',
27 silly addNameRange     '3.16.2',
27 silly addNameRange     '4.8.2',
27 silly addNameRange     '3.16.3',
27 silly addNameRange     '3.16.4',
27 silly addNameRange     '4.8.3',
27 silly addNameRange     '3.16.5',
27 silly addNameRange     '3.16.6',
27 silly addNameRange     '4.8.4',
27 silly addNameRange     '3.16.7',
27 silly addNameRange     '4.8.5',
27 silly addNameRange     '3.16.8',
27 silly addNameRange     '4.8.6',
27 silly addNameRange     '3.16.9',
27 silly addNameRange     '4.8.7',
27 silly addNameRange     '3.16.10',
27 silly addNameRange     '4.8.8',
27 silly addNameRange     '3.17.0',
27 silly addNameRange     '3.17.1',
27 silly addNameRange     '4.9.0',
27 silly addNameRange     '3.17.2',
27 silly addNameRange     '4.9.1',
27 silly addNameRange     '4.9.2',
27 silly addNameRange     '3.17.3',
27 silly addNameRange     '4.9.3',
27 silly addNameRange     '3.17.4',
27 silly addNameRange     '4.9.4',
27 silly addNameRange     '3.17.5',
27 silly addNameRange     '4.9.5',
27 silly addNameRange     '3.17.6',
27 silly addNameRange     '3.17.7',
27 silly addNameRange     '4.9.6',
27 silly addNameRange     '4.9.7',
27 silly addNameRange     '3.17.8',
27 silly addNameRange     '4.9.8',
27 silly addNameRange     '3.18.0',
27 silly addNameRange     '3.18.1',
27 silly addNameRange     '4.10.0',
27 silly addNameRange     '3.18.2',
27 silly addNameRange     '4.10.1',
27 silly addNameRange     '5.0.0-alpha.1',
27 silly addNameRange     '3.18.3',
27 silly addNameRange     '4.10.2',
27 silly addNameRange     '3.18.4',
27 silly addNameRange     '4.10.3',
27 silly addNameRange     '4.10.4',
27 silly addNameRange     '4.10.5',
27 silly addNameRange     '3.18.5',
27 silly addNameRange     '3.18.6',
27 silly addNameRange     '4.10.6',
27 silly addNameRange     '4.10.7',
27 silly addNameRange     '3.19.0',
27 silly addNameRange     '4.10.8',
27 silly addNameRange     '4.11.0',
27 silly addNameRange     '3.19.1',
27 silly addNameRange     '4.11.1',
27 silly addNameRange     '3.19.2',
27 silly addNameRange     '4.11.2',
27 silly addNameRange     '3.20.0',
27 silly addNameRange     '4.12.0',
27 silly addNameRange     '3.20.1',
27 silly addNameRange     '4.12.1',
27 silly addNameRange     '4.12.2',
27 silly addNameRange     '3.20.2',
27 silly addNameRange     '4.12.3' ] ]
28 verbose addNamed express@4.12.3
29 silly addNamed semver.valid 4.12.3
30 silly addNamed semver.validRange 4.12.3
31 silly cache afterAdd express@4.12.3
32 verbose afterAdd /Users/bobo/.npm/express/4.12.3/package/package.json not in flight; writing
33 verbose afterAdd /Users/bobo/.npm/express/4.12.3/package/package.json written
34 silly install resolved [ { name: 'express',
34 silly install resolved     description: 'Fast, unopinionated, minimalist web framework',
34 silly install resolved     version: '4.12.3',
34 silly install resolved     author: { name: 'TJ Holowaychuk', email: 'tj@vision-media.ca' },
34 silly install resolved     contributors:
34 silly install resolved      [ [Object],
34 silly install resolved        [Object],
34 silly install resolved        [Object],
34 silly install resolved        [Object],
34 silly install resolved        [Object],
34 silly install resolved        [Object],
34 silly install resolved        [Object] ],
34 silly install resolved     license: 'MIT',
34 silly install resolved     repository: { type: 'git', url: 'https://github.com/strongloop/express' },
34 silly install resolved     homepage: 'http://expressjs.com/',
34 silly install resolved     keywords:
34 silly install resolved      [ 'express',
34 silly install resolved        'framework',
34 silly install resolved        'sinatra',
34 silly install resolved        'web',
34 silly install resolved        'rest',
34 silly install resolved        'restful',
34 silly install resolved        'router',
34 silly install resolved        'app',
34 silly install resolved        'api' ],
34 silly install resolved     dependencies:
34 silly install resolved      { accepts: '~1.2.5',
34 silly install resolved        'content-disposition': '0.5.0',
34 silly install resolved        'content-type': '~1.0.1',
34 silly install resolved        cookie: '0.1.2',
34 silly install resolved        'cookie-signature': '1.0.6',
34 silly install resolved        debug: '~2.1.3',
34 silly install resolved        depd: '~1.0.0',
34 silly install resolved        'escape-html': '1.0.1',
34 silly install resolved        etag: '~1.5.1',
34 silly install resolved        finalhandler: '0.3.4',
34 silly install resolved        fresh: '0.2.4',
34 silly install resolved        'merge-descriptors': '1.0.0',
34 silly install resolved        methods: '~1.1.1',
34 silly install resolved        'on-finished': '~2.2.0',
34 silly install resolved        parseurl: '~1.3.0',
34 silly install resolved        'path-to-regexp': '0.1.3',
34 silly install resolved        'proxy-addr': '~1.0.7',
34 silly install resolved        qs: '2.4.1',
34 silly install resolved        'range-parser': '~1.0.2',
34 silly install resolved        send: '0.12.2',
34 silly install resolved        'serve-static': '~1.9.2',
34 silly install resolved        'type-is': '~1.6.1',
34 silly install resolved        vary: '~1.0.0',
34 silly install resolved        'utils-merge': '1.0.0' },
34 silly install resolved     devDependencies:
34 silly install resolved      { after: '0.8.1',
34 silly install resolved        ejs: '2.3.1',
34 silly install resolved        istanbul: '0.3.8',
34 silly install resolved        marked: '0.3.3',
34 silly install resolved        mocha: '~2.2.1',
34 silly install resolved        should: '~5.2.0',
34 silly install resolved        supertest: '~0.15.0',
34 silly install resolved        'body-parser': '~1.12.2',
34 silly install resolved        'connect-redis': '~2.2.0',
34 silly install resolved        'cookie-parser': '~1.3.4',
34 silly install resolved        'cookie-session': '~1.1.0',
34 silly install resolved        'express-session': '~1.10.4',
34 silly install resolved        jade: '~1.9.2',
34 silly install resolved        'method-override': '~2.3.2',
34 silly install resolved        morgan: '~1.5.2',
34 silly install resolved        multiparty: '~4.1.1',
34 silly install resolved        vhost: '~3.0.0' },
34 silly install resolved     engines: { node: '>= 0.10.0' },
34 silly install resolved     files: [ 'LICENSE', 'History.md', 'Readme.md', 'index.js', 'lib/' ],
34 silly install resolved     scripts:
34 silly install resolved      { test: 'mocha --require test/support/env --reporter spec --bail --check-leaks test/ test/acceptance/',
34 silly install resolved        'test-ci': 'istanbul cover node_modules/mocha/bin/_mocha --report lcovonly -- --require test/support/env --reporter spec --check-leaks test/ test/acceptance/',
34 silly install resolved        'test-cov': 'istanbul cover node_modules/mocha/bin/_mocha -- --require test/support/env --reporter dot --check-leaks test/ test/acceptance/',
34 silly install resolved        'test-tap': 'mocha --require test/support/env --reporter tap --check-leaks test/ test/acceptance/' },
34 silly install resolved     gitHead: 'f56463f8bf24015736978d0dc4d398fa22a9d758',
34 silly install resolved     bugs: { url: 'https://github.com/strongloop/express/issues' },
34 silly install resolved     _id: 'express@4.12.3',
34 silly install resolved     _shasum: '6b9d94aec5ae03270d86d390c277a8c5a5ad0ee2',
34 silly install resolved     _from: 'express@*',
34 silly install resolved     _npmVersion: '1.4.28',
34 silly install resolved     _npmUser: { name: 'dougwilson', email: 'doug@somethingdoug.com' },
34 silly install resolved     maintainers:
34 silly install resolved      [ [Object],
34 silly install resolved        [Object],
34 silly install resolved        [Object],
34 silly install resolved        [Object],
34 silly install resolved        [Object],
34 silly install resolved        [Object],
34 silly install resolved        [Object] ],
34 silly install resolved     dist:
34 silly install resolved      { shasum: '6b9d94aec5ae03270d86d390c277a8c5a5ad0ee2',
34 silly install resolved        tarball: 'http://registry.npmjs.org/express/-/express-4.12.3.tgz' },
34 silly install resolved     directories: {},
34 silly install resolved     _resolved: 'https://registry.npmjs.org/express/-/express-4.12.3.tgz',
34 silly install resolved     readme: 'ERROR: No README data found!' } ]
35 info install express@4.12.3 into /usr/local/lib
36 info installOne express@4.12.3
37 verbose installOne of express to /usr/local/lib not in flight; installing
38 verbose lock using /Users/bobo/.npm/_locks/express-59b5b7164c5e2658.lock for /usr/local/lib/node_modules/express
39 silly install write writing express 4.12.3 to /usr/local/lib/node_modules/express
40 silly cache addNamed cb express@4.12.3
41 verbose unbuild lib/node_modules/express
42 info preuninstall express@4.10.1
43 info uninstall express@4.10.1
44 verbose unbuild rmStuff express@4.10.1 from /usr/local/lib/node_modules
45 info postuninstall express@4.10.1
46 silly gentlyRm /usr/local/lib/node_modules/express is being purged from base /usr/local
47 verbose gentlyRm don't care about contents; nuking /usr/local/lib/node_modules/express
48 silly vacuum-fs purging /usr/local/lib/node_modules/express
49 verbose unlock done using /Users/bobo/.npm/_locks/express-59b5b7164c5e2658.lock for /usr/local/lib/node_modules/express
50 verbose stack Error: EACCES, unlink '/usr/local/lib/node_modules/express/History.md'
50 verbose stack     at Error (native)
51 verbose cwd /Users/bobo/MySpace/Work/zhengyongbo.github.io
52 error Darwin 14.3.0
53 error argv "node" "/usr/local/bin/npm" "install" "express" "-g"
54 error node v0.12.0
55 error npm  v2.7.5
56 error path /usr/local/lib/node_modules/express/History.md
57 error code EACCES
58 error errno -13
59 error Error: EACCES, unlink '/usr/local/lib/node_modules/express/History.md'
59 error     at Error (native)
59 error  { [Error: EACCES, unlink '/usr/local/lib/node_modules/express/History.md']
59 error   errno: -13,
59 error   code: 'EACCES',
59 error   path: '/usr/local/lib/node_modules/express/History.md' }
60 error Please try running this command again as root/Administrator.
61 verbose exit [ -13, true ]
62 verbose unbuild lib/node_modules/express
63 info preuninstall express@4.10.1
64 info uninstall express@4.10.1
65 verbose unbuild rmStuff express@4.10.1 from /usr/local/lib/node_modules
66 info postuninstall express@4.10.1
67 silly gentlyRm /usr/local/lib/node_modules/express is being purged from base /usr/local
68 verbose gentlyRm don't care about contents; nuking /usr/local/lib/node_modules/express
69 silly vacuum-fs purging /usr/local/lib/node_modules/express
70 error error rolling back Error: EACCES, unlink '/usr/local/lib/node_modules/express/History.md'
70 error error rolling back     at Error (native)
70 error error rolling back  { [Error: EACCES, unlink '/usr/local/lib/node_modules/express/History.md']
70 error error rolling back   errno: -13,
70 error error rolling back   code: 'EACCES',
70 error error rolling back   path: '/usr/local/lib/node_modules/express/History.md' }
